<?xml version="1.0" encoding="UTF-8"?>
<!-- Generated by org.testng.reporters.JUnitReportReporter -->
<testsuite hostname="LAPTOP-8L9PS7HV" failures="0" tests="2" name="Academy.HomePage" time="1.432" errors="0" timestamp="2020-11-18T00:39:44 IST" skipped="0">
  <testcase classname="Academy.HomePage" name="baseNavigation" time="0.812"/>
  <system-out/>
  <testcase classname="Academy.HomePage" name="baseNavigation" time="0.620"/>
  <system-out/>
</testsuite> <!-- Academy.HomePage -->
