<?xml version="1.0" encoding="UTF-8"?>
<!-- Generated by org.testng.reporters.JUnitReportReporter -->
<testsuite hostname="LAPTOP-8L9PS7HV" failures="0" tests="1" name="Academy.Navigation" time="0.115" errors="0" timestamp="2020-11-16T18:28:05 IST" skipped="0">
  <testcase classname="Academy.Navigation" name="baseNavigation" time="0.115"/>
  <system-out/>
</testsuite> <!-- Academy.Navigation -->
