<?xml version="1.0" encoding="UTF-8"?>
<!-- Generated by org.testng.reporters.JUnitReportReporter -->
<testsuite hostname="LAPTOP-8L9PS7HV" failures="0" tests="2" name="Academy.HomePage" time="0.840" errors="0" timestamp="2020-11-16T18:28:05 IST" skipped="0">
  <testcase classname="Academy.HomePage" name="baseNavigation" time="0.365"/>
  <system-out/>
  <testcase classname="Academy.HomePage" name="baseNavigation" time="0.475"/>
  <system-out/>
</testsuite> <!-- Academy.HomePage -->
